2023-02-16 09:54:34,893:DEBUG:***** Start of FGTDC Script. *****
2023-02-16 09:54:34,893:DEBUG:Start of dir_size_limit function
2023-02-16 09:54:34,893:DEBUG:Start of check_file function.
2023-02-16 09:54:34,893:DEBUG:Start of log_file_rotation function
2023-02-16 09:54:34,894:DEBUG:Start of console_set function
2023-02-16 09:54:34,912:DEBUG:starting thread (client mode): 0xe4a5db0
2023-02-16 09:54:34,912:DEBUG:Local version/idstring: SSH-2.0-paramiko_2.9.2
2023-02-16 09:54:34,919:DEBUG:Remote version/idstring: SSH-2.0-384dHKeD4
2023-02-16 09:54:34,919:INFO:Connected (version 2.0, client 384dHKeD4)
2023-02-16 09:54:34,927:DEBUG:=== Key exchange possibilities ===
2023-02-16 09:54:34,927:DEBUG:kex algos: diffie-hellman-group-exchange-sha256, curve25519-sha256@libssh.org, ecdh-sha2-nistp256, ecdh-sha2-nistp384, ecdh-sha2-nistp521
2023-02-16 09:54:34,927:DEBUG:server key: ssh-rsa, ssh-ed25519
2023-02-16 09:54:34,927:DEBUG:client encrypt: chacha20-poly1305@openssh.com, aes256-ctr, aes256-gcm@openssh.com
2023-02-16 09:54:34,927:DEBUG:server encrypt: chacha20-poly1305@openssh.com, aes256-ctr, aes256-gcm@openssh.com
2023-02-16 09:54:34,927:DEBUG:client mac: hmac-sha2-256, hmac-sha2-256-etm@openssh.com, hmac-sha2-512, hmac-sha2-512-etm@openssh.com
2023-02-16 09:54:34,927:DEBUG:server mac: hmac-sha2-256, hmac-sha2-256-etm@openssh.com, hmac-sha2-512, hmac-sha2-512-etm@openssh.com
2023-02-16 09:54:34,927:DEBUG:client compress: none, zlib@openssh.com
2023-02-16 09:54:34,927:DEBUG:server compress: none, zlib@openssh.com
2023-02-16 09:54:34,927:DEBUG:client lang: <none>
2023-02-16 09:54:34,927:DEBUG:server lang: <none>
2023-02-16 09:54:34,928:DEBUG:kex follows: False
2023-02-16 09:54:34,928:DEBUG:=== Key exchange agreements ===
2023-02-16 09:54:34,928:DEBUG:Kex: curve25519-sha256@libssh.org
2023-02-16 09:54:34,928:DEBUG:HostKey: ssh-ed25519
2023-02-16 09:54:34,928:DEBUG:Cipher: aes256-ctr
2023-02-16 09:54:34,928:DEBUG:MAC: hmac-sha2-256
2023-02-16 09:54:34,928:DEBUG:Compression: none
2023-02-16 09:54:34,928:DEBUG:=== End of kex handshake ===
2023-02-16 09:54:35,005:DEBUG:kex engine KexCurve25519 specified hash_algo <built-in function openssl_sha256>
2023-02-16 09:54:35,005:DEBUG:Switch to new keys ...
2023-02-16 09:54:35,005:DEBUG:Adding ssh-ed25519 host key for [10.10.90.1]:22: b'4ba54e608759733fc05d293b7350018d'
2023-02-16 09:54:35,046:DEBUG:userauth is OK
2023-02-16 09:54:35,056:INFO:Authentication (password) successful!
2023-02-16 09:54:35,057:DEBUG:[chan 0] Max packet in: 32768 bytes
2023-02-16 09:54:35,058:DEBUG:Received global request "hostkeys-00@openssh.com"
2023-02-16 09:54:35,058:DEBUG:Rejecting "hostkeys-00@openssh.com" global request from server.
2023-02-16 09:54:35,062:DEBUG:[chan 0] Max packet out: 32768 bytes
2023-02-16 09:54:35,062:DEBUG:Secsh channel 0 opened.
2023-02-16 09:54:35,066:DEBUG:[chan 0] Sesch channel 0 request ok
2023-02-16 09:54:35,161:DEBUG:[chan 0] EOF received (0)
2023-02-16 09:54:35,162:DEBUG:[chan 0] EOF sent (0)
2023-02-16 09:54:35,162:DEBUG:Dropping user packet because connection is dead.
2023-02-16 09:54:35,162:DEBUG:Start of run_command function
2023-02-16 09:54:35,166:DEBUG:starting thread (client mode): 0xe4a7790
2023-02-16 09:54:35,166:DEBUG:Local version/idstring: SSH-2.0-paramiko_2.9.2
2023-02-16 09:54:35,174:DEBUG:Remote version/idstring: SSH-2.0-384dHKeD4
2023-02-16 09:54:35,174:INFO:Connected (version 2.0, client 384dHKeD4)
2023-02-16 09:54:35,176:DEBUG:=== Key exchange possibilities ===
2023-02-16 09:54:35,176:DEBUG:kex algos: diffie-hellman-group-exchange-sha256, curve25519-sha256@libssh.org, ecdh-sha2-nistp256, ecdh-sha2-nistp384, ecdh-sha2-nistp521
2023-02-16 09:54:35,177:DEBUG:server key: ssh-rsa, ssh-ed25519
2023-02-16 09:54:35,177:DEBUG:client encrypt: chacha20-poly1305@openssh.com, aes256-ctr, aes256-gcm@openssh.com
2023-02-16 09:54:35,177:DEBUG:server encrypt: chacha20-poly1305@openssh.com, aes256-ctr, aes256-gcm@openssh.com
2023-02-16 09:54:35,177:DEBUG:client mac: hmac-sha2-256, hmac-sha2-256-etm@openssh.com, hmac-sha2-512, hmac-sha2-512-etm@openssh.com
2023-02-16 09:54:35,177:DEBUG:server mac: hmac-sha2-256, hmac-sha2-256-etm@openssh.com, hmac-sha2-512, hmac-sha2-512-etm@openssh.com
2023-02-16 09:54:35,177:DEBUG:client compress: none, zlib@openssh.com
2023-02-16 09:54:35,177:DEBUG:server compress: none, zlib@openssh.com
2023-02-16 09:54:35,177:DEBUG:client lang: <none>
2023-02-16 09:54:35,177:DEBUG:server lang: <none>
2023-02-16 09:54:35,177:DEBUG:kex follows: False
2023-02-16 09:54:35,177:DEBUG:=== Key exchange agreements ===
2023-02-16 09:54:35,177:DEBUG:Kex: curve25519-sha256@libssh.org
2023-02-16 09:54:35,177:DEBUG:HostKey: ssh-ed25519
2023-02-16 09:54:35,177:DEBUG:Cipher: aes256-ctr
2023-02-16 09:54:35,177:DEBUG:MAC: hmac-sha2-256
2023-02-16 09:54:35,177:DEBUG:Compression: none
2023-02-16 09:54:35,178:DEBUG:=== End of kex handshake ===
2023-02-16 09:54:35,251:DEBUG:kex engine KexCurve25519 specified hash_algo <built-in function openssl_sha256>
2023-02-16 09:54:35,252:DEBUG:Switch to new keys ...
2023-02-16 09:54:35,252:DEBUG:Adding ssh-ed25519 host key for [10.10.90.1]:22: b'4ba54e608759733fc05d293b7350018d'
2023-02-16 09:54:35,296:DEBUG:userauth is OK
2023-02-16 09:54:35,306:INFO:Authentication (password) successful!
2023-02-16 09:54:35,307:DEBUG:[chan 0] Max packet in: 32768 bytes
2023-02-16 09:54:35,308:DEBUG:Received global request "hostkeys-00@openssh.com"
2023-02-16 09:54:35,308:DEBUG:Rejecting "hostkeys-00@openssh.com" global request from server.
2023-02-16 09:54:35,310:DEBUG:[chan 0] Max packet out: 32768 bytes
2023-02-16 09:54:35,310:DEBUG:Secsh channel 0 opened.
2023-02-16 09:54:35,313:DEBUG:[chan 0] Sesch channel 0 request ok
2023-02-16 09:54:35,409:DEBUG:[chan 0] EOF received (0)
2023-02-16 09:54:35,416:DEBUG:[chan 0] EOF sent (0)
2023-02-16 09:54:36,417:DEBUG:[chan 1] Max packet in: 32768 bytes
2023-02-16 09:54:36,427:DEBUG:[chan 1] Max packet out: 32768 bytes
2023-02-16 09:54:36,427:DEBUG:Secsh channel 1 opened.
2023-02-16 09:54:36,431:DEBUG:[chan 1] Sesch channel 1 request ok
2023-02-16 09:54:36,640:DEBUG:[chan 1] EOF received (1)
2023-02-16 09:54:36,649:DEBUG:[chan 1] EOF sent (1)
2023-02-16 09:54:37,648:DEBUG:[chan 2] Max packet in: 32768 bytes
2023-02-16 09:54:37,650:DEBUG:[chan 2] Max packet out: 32768 bytes
2023-02-16 09:54:37,651:DEBUG:Secsh channel 2 opened.
2023-02-16 09:54:37,654:DEBUG:[chan 2] Sesch channel 2 request ok
2023-02-16 09:54:37,752:DEBUG:[chan 2] EOF received (2)
2023-02-16 09:54:37,759:DEBUG:[chan 2] EOF sent (2)
2023-02-16 09:54:38,759:DEBUG:[chan 3] Max packet in: 32768 bytes
2023-02-16 09:54:38,769:DEBUG:[chan 3] Max packet out: 32768 bytes
2023-02-16 09:54:38,769:DEBUG:Secsh channel 3 opened.
2023-02-16 09:54:38,772:DEBUG:[chan 3] Sesch channel 3 request ok
2023-02-16 09:54:38,878:DEBUG:[chan 3] EOF received (3)
2023-02-16 09:54:38,885:DEBUG:[chan 3] EOF sent (3)
2023-02-16 09:54:39,885:DEBUG:[chan 4] Max packet in: 32768 bytes
2023-02-16 09:54:39,888:DEBUG:[chan 4] Max packet out: 32768 bytes
2023-02-16 09:54:39,888:DEBUG:Secsh channel 4 opened.
2023-02-16 09:54:39,891:DEBUG:[chan 4] Sesch channel 4 request ok
2023-02-16 09:54:39,995:DEBUG:[chan 4] EOF received (4)
2023-02-16 09:54:40,003:DEBUG:[chan 4] EOF sent (4)
2023-02-16 09:54:41,005:DEBUG:[chan 5] Max packet in: 32768 bytes
2023-02-16 09:54:41,008:DEBUG:[chan 5] Max packet out: 32768 bytes
2023-02-16 09:54:41,008:DEBUG:Secsh channel 5 opened.
2023-02-16 09:54:41,012:DEBUG:[chan 5] Sesch channel 5 request ok
2023-02-16 09:54:41,112:DEBUG:[chan 5] EOF received (5)
2023-02-16 09:54:41,119:DEBUG:[chan 5] EOF sent (5)
2023-02-16 09:54:42,120:DEBUG:[chan 6] Max packet in: 32768 bytes
2023-02-16 09:54:42,130:DEBUG:[chan 6] Max packet out: 32768 bytes
2023-02-16 09:54:42,130:DEBUG:Secsh channel 6 opened.
2023-02-16 09:54:42,135:DEBUG:[chan 6] Sesch channel 6 request ok
2023-02-16 09:54:42,229:DEBUG:[chan 6] EOF received (6)
2023-02-16 09:54:42,239:DEBUG:[chan 6] EOF sent (6)
2023-02-16 09:54:43,238:DEBUG:[chan 7] Max packet in: 32768 bytes
2023-02-16 09:54:43,247:DEBUG:[chan 7] Max packet out: 32768 bytes
2023-02-16 09:54:43,247:DEBUG:Secsh channel 7 opened.
2023-02-16 09:54:43,251:DEBUG:[chan 7] Sesch channel 7 request ok
2023-02-16 09:54:43,351:DEBUG:[chan 7] EOF received (7)
2023-02-16 09:54:43,357:DEBUG:[chan 7] EOF sent (7)
2023-02-16 09:54:44,358:DEBUG:[chan 8] Max packet in: 32768 bytes
2023-02-16 09:54:44,371:DEBUG:[chan 8] Max packet out: 32768 bytes
2023-02-16 09:54:44,371:DEBUG:Secsh channel 8 opened.
2023-02-16 09:54:44,374:DEBUG:[chan 8] Sesch channel 8 request ok
2023-02-16 09:54:44,471:DEBUG:[chan 8] EOF received (8)
2023-02-16 09:54:44,477:DEBUG:[chan 8] EOF sent (8)
2023-02-16 09:54:45,478:DEBUG:[chan 9] Max packet in: 32768 bytes
2023-02-16 09:54:45,481:DEBUG:[chan 9] Max packet out: 32768 bytes
2023-02-16 09:54:45,482:DEBUG:Secsh channel 9 opened.
2023-02-16 09:54:45,486:DEBUG:[chan 9] Sesch channel 9 request ok
2023-02-16 09:54:45,580:DEBUG:[chan 9] EOF received (9)
2023-02-16 09:54:45,590:DEBUG:[chan 9] EOF sent (9)
2023-02-16 09:54:46,588:DEBUG:[chan 10] Max packet in: 32768 bytes
2023-02-16 09:54:46,600:DEBUG:[chan 10] Max packet out: 32768 bytes
2023-02-16 09:54:46,600:DEBUG:Secsh channel 10 opened.
2023-02-16 09:54:46,604:DEBUG:[chan 10] Sesch channel 10 request ok
2023-02-16 09:54:46,702:DEBUG:[chan 10] EOF received (10)
2023-02-16 09:54:46,708:DEBUG:[chan 10] EOF sent (10)
2023-02-16 09:54:47,710:DEBUG:[chan 11] Max packet in: 32768 bytes
2023-02-16 09:54:47,714:DEBUG:[chan 11] Max packet out: 32768 bytes
2023-02-16 09:54:47,714:DEBUG:Secsh channel 11 opened.
2023-02-16 09:54:47,718:DEBUG:[chan 11] Sesch channel 11 request ok
2023-02-16 09:54:47,818:DEBUG:[chan 11] EOF received (11)
2023-02-16 09:54:47,826:DEBUG:[chan 11] EOF sent (11)
2023-02-16 09:54:48,822:DEBUG:[chan 12] Max packet in: 32768 bytes
2023-02-16 09:54:48,832:DEBUG:[chan 12] Max packet out: 32768 bytes
2023-02-16 09:54:48,832:DEBUG:Secsh channel 12 opened.
2023-02-16 09:54:48,835:DEBUG:[chan 12] Sesch channel 12 request ok
2023-02-16 09:54:48,930:DEBUG:[chan 12] EOF received (12)
2023-02-16 09:54:48,940:DEBUG:[chan 12] EOF sent (12)
2023-02-16 09:54:49,939:DEBUG:[chan 13] Max packet in: 32768 bytes
2023-02-16 09:54:49,949:DEBUG:[chan 13] Max packet out: 32768 bytes
2023-02-16 09:54:49,949:DEBUG:Secsh channel 13 opened.
2023-02-16 09:54:49,953:DEBUG:[chan 13] Sesch channel 13 request ok
2023-02-16 09:54:50,050:DEBUG:[chan 13] EOF received (13)
2023-02-16 09:54:50,058:DEBUG:[chan 13] EOF sent (13)
2023-02-16 09:54:51,058:DEBUG:[chan 14] Max packet in: 32768 bytes
2023-02-16 09:54:51,069:DEBUG:[chan 14] Max packet out: 32768 bytes
2023-02-16 09:54:51,069:DEBUG:Secsh channel 14 opened.
2023-02-16 09:54:51,073:DEBUG:[chan 14] Sesch channel 14 request ok
2023-02-16 09:54:51,171:DEBUG:[chan 14] EOF received (14)
2023-02-16 09:54:51,179:DEBUG:[chan 14] EOF sent (14)
2023-02-16 09:54:52,179:DEBUG:[chan 15] Max packet in: 32768 bytes
2023-02-16 09:54:52,183:DEBUG:[chan 15] Max packet out: 32768 bytes
2023-02-16 09:54:52,183:DEBUG:Secsh channel 15 opened.
2023-02-16 09:54:52,187:DEBUG:[chan 15] Sesch channel 15 request ok
2023-02-16 09:54:52,281:DEBUG:[chan 15] EOF received (15)
2023-02-16 09:54:52,290:DEBUG:[chan 15] EOF sent (15)
2023-02-16 09:54:53,285:DEBUG:[chan 16] Max packet in: 32768 bytes
2023-02-16 09:54:53,288:DEBUG:[chan 16] Max packet out: 32768 bytes
2023-02-16 09:54:53,288:DEBUG:Secsh channel 16 opened.
2023-02-16 09:54:53,292:DEBUG:[chan 16] Sesch channel 16 request ok
2023-02-16 09:54:53,392:DEBUG:[chan 16] EOF received (16)
2023-02-16 09:54:53,400:DEBUG:[chan 16] EOF sent (16)
2023-02-16 09:54:54,401:DEBUG:[chan 17] Max packet in: 32768 bytes
2023-02-16 09:54:54,411:DEBUG:[chan 17] Max packet out: 32768 bytes
2023-02-16 09:54:54,411:DEBUG:Secsh channel 17 opened.
2023-02-16 09:54:54,415:DEBUG:[chan 17] Sesch channel 17 request ok
2023-02-16 09:54:54,514:DEBUG:[chan 17] EOF received (17)
2023-02-16 09:54:54,521:DEBUG:[chan 17] EOF sent (17)
2023-02-16 09:54:55,521:DEBUG:[chan 18] Max packet in: 32768 bytes
2023-02-16 09:54:55,531:DEBUG:[chan 18] Max packet out: 32768 bytes
2023-02-16 09:54:55,531:DEBUG:Secsh channel 18 opened.
2023-02-16 09:54:55,534:DEBUG:[chan 18] Sesch channel 18 request ok
2023-02-16 09:54:55,638:DEBUG:[chan 18] EOF received (18)
2023-02-16 09:54:55,644:DEBUG:[chan 18] EOF sent (18)
2023-02-16 09:54:56,643:DEBUG:[chan 19] Max packet in: 32768 bytes
2023-02-16 09:54:56,649:DEBUG:[chan 19] Max packet out: 32768 bytes
2023-02-16 09:54:56,649:DEBUG:Secsh channel 19 opened.
2023-02-16 09:54:56,653:DEBUG:[chan 19] Sesch channel 19 request ok
2023-02-16 09:54:56,751:DEBUG:[chan 19] EOF received (19)
2023-02-16 09:54:56,758:DEBUG:[chan 19] EOF sent (19)
2023-02-16 09:54:57,759:DEBUG:[chan 20] Max packet in: 32768 bytes
2023-02-16 09:54:57,769:DEBUG:[chan 20] Max packet out: 32768 bytes
2023-02-16 09:54:57,770:DEBUG:Secsh channel 20 opened.
2023-02-16 09:54:57,774:DEBUG:[chan 20] Sesch channel 20 request ok
2023-02-16 09:54:57,871:DEBUG:[chan 20] EOF received (20)
2023-02-16 09:54:57,878:DEBUG:[chan 20] EOF sent (20)
2023-02-16 09:54:58,880:DEBUG:[chan 21] Max packet in: 32768 bytes
2023-02-16 09:54:58,888:DEBUG:[chan 21] Max packet out: 32768 bytes
2023-02-16 09:54:58,888:DEBUG:Secsh channel 21 opened.
2023-02-16 09:54:58,892:DEBUG:[chan 21] Sesch channel 21 request ok
2023-02-16 09:54:58,991:DEBUG:[chan 21] EOF received (21)
2023-02-16 09:54:58,998:DEBUG:[chan 21] EOF sent (21)
2023-02-16 09:55:00,000:DEBUG:[chan 22] Max packet in: 32768 bytes
2023-02-16 09:55:00,012:DEBUG:[chan 22] Max packet out: 32768 bytes
2023-02-16 09:55:00,012:DEBUG:Secsh channel 22 opened.
2023-02-16 09:55:00,015:DEBUG:[chan 22] Sesch channel 22 request ok
2023-02-16 09:55:00,116:DEBUG:[chan 22] EOF received (22)
2023-02-16 09:55:00,122:DEBUG:[chan 22] EOF sent (22)
2023-02-16 09:55:01,124:DEBUG:[chan 23] Max packet in: 32768 bytes
2023-02-16 09:55:01,127:DEBUG:[chan 23] Max packet out: 32768 bytes
2023-02-16 09:55:01,128:DEBUG:Secsh channel 23 opened.
2023-02-16 09:55:01,134:DEBUG:[chan 23] Sesch channel 23 request ok
2023-02-16 09:55:01,233:DEBUG:[chan 23] EOF received (23)
2023-02-16 09:55:01,242:DEBUG:[chan 23] EOF sent (23)
2023-02-16 09:55:02,238:DEBUG:[chan 24] Max packet in: 32768 bytes
2023-02-16 09:55:02,243:DEBUG:[chan 24] Max packet out: 32768 bytes
2023-02-16 09:55:02,243:DEBUG:Secsh channel 24 opened.
2023-02-16 09:55:02,249:DEBUG:[chan 24] Sesch channel 24 request ok
2023-02-16 09:55:02,342:DEBUG:[chan 24] EOF received (24)
2023-02-16 09:55:02,350:DEBUG:[chan 24] EOF sent (24)
2023-02-16 09:55:03,347:DEBUG:[chan 25] Max packet in: 32768 bytes
2023-02-16 09:55:03,357:DEBUG:[chan 25] Max packet out: 32768 bytes
2023-02-16 09:55:03,357:DEBUG:Secsh channel 25 opened.
2023-02-16 09:55:03,363:DEBUG:[chan 25] Sesch channel 25 request ok
2023-02-16 09:55:05,508:DEBUG:[chan 25] EOF received (25)
2023-02-16 09:55:05,516:DEBUG:[chan 25] EOF sent (25)
2023-02-16 09:55:06,509:DEBUG:***** END of FGTDC Script. *****
2023-02-16 10:39:49,612:DEBUG:***** Start of FGTDC Script. *****
2023-02-16 10:39:49,612:DEBUG:Start of dir_size_limit function
2023-02-16 10:39:49,612:DEBUG:Start of check_file function.
2023-02-16 10:39:49,613:DEBUG:Start of log_file_rotation function
2023-02-16 10:39:49,613:DEBUG:Start of console_set function
2023-02-16 10:39:49,630:DEBUG:starting thread (client mode): 0x2921f30
2023-02-16 10:39:49,630:DEBUG:Local version/idstring: SSH-2.0-paramiko_2.9.2
2023-02-16 10:39:49,639:DEBUG:Remote version/idstring: SSH-2.0-384dHKeD4
2023-02-16 10:39:49,639:INFO:Connected (version 2.0, client 384dHKeD4)
2023-02-16 10:39:49,642:DEBUG:=== Key exchange possibilities ===
2023-02-16 10:39:49,642:DEBUG:kex algos: diffie-hellman-group-exchange-sha256, curve25519-sha256@libssh.org, ecdh-sha2-nistp256, ecdh-sha2-nistp384, ecdh-sha2-nistp521
2023-02-16 10:39:49,642:DEBUG:server key: ssh-rsa, ssh-ed25519
2023-02-16 10:39:49,642:DEBUG:client encrypt: chacha20-poly1305@openssh.com, aes256-ctr, aes256-gcm@openssh.com
2023-02-16 10:39:49,643:DEBUG:server encrypt: chacha20-poly1305@openssh.com, aes256-ctr, aes256-gcm@openssh.com
2023-02-16 10:39:49,643:DEBUG:client mac: hmac-sha2-256, hmac-sha2-256-etm@openssh.com, hmac-sha2-512, hmac-sha2-512-etm@openssh.com
2023-02-16 10:39:49,643:DEBUG:server mac: hmac-sha2-256, hmac-sha2-256-etm@openssh.com, hmac-sha2-512, hmac-sha2-512-etm@openssh.com
2023-02-16 10:39:49,643:DEBUG:client compress: none, zlib@openssh.com
2023-02-16 10:39:49,643:DEBUG:server compress: none, zlib@openssh.com
2023-02-16 10:39:49,643:DEBUG:client lang: <none>
2023-02-16 10:39:49,643:DEBUG:server lang: <none>
2023-02-16 10:39:49,643:DEBUG:kex follows: False
2023-02-16 10:39:49,643:DEBUG:=== Key exchange agreements ===
2023-02-16 10:39:49,643:DEBUG:Kex: curve25519-sha256@libssh.org
2023-02-16 10:39:49,643:DEBUG:HostKey: ssh-ed25519
2023-02-16 10:39:49,643:DEBUG:Cipher: aes256-ctr
2023-02-16 10:39:49,643:DEBUG:MAC: hmac-sha2-256
2023-02-16 10:39:49,643:DEBUG:Compression: none
2023-02-16 10:39:49,643:DEBUG:=== End of kex handshake ===
2023-02-16 10:39:49,725:DEBUG:kex engine KexCurve25519 specified hash_algo <built-in function openssl_sha256>
2023-02-16 10:39:49,726:DEBUG:Switch to new keys ...
2023-02-16 10:39:49,726:DEBUG:Adding ssh-ed25519 host key for [10.10.90.1]:22: b'4ba54e608759733fc05d293b7350018d'
2023-02-16 10:39:49,768:DEBUG:userauth is OK
2023-02-16 10:39:49,778:INFO:Authentication (password) successful!
2023-02-16 10:39:49,779:DEBUG:[chan 0] Max packet in: 32768 bytes
2023-02-16 10:39:49,781:DEBUG:Received global request "hostkeys-00@openssh.com"
2023-02-16 10:39:49,781:DEBUG:Rejecting "hostkeys-00@openssh.com" global request from server.
2023-02-16 10:39:49,783:DEBUG:[chan 0] Max packet out: 32768 bytes
2023-02-16 10:39:49,784:DEBUG:Secsh channel 0 opened.
2023-02-16 10:39:49,798:DEBUG:[chan 0] Sesch channel 0 request ok
2023-02-16 10:39:49,892:DEBUG:[chan 0] EOF received (0)
2023-02-16 10:39:49,892:DEBUG:[chan 0] EOF sent (0)
2023-02-16 10:39:49,892:DEBUG:Dropping user packet because connection is dead.
2023-02-16 10:39:49,892:DEBUG:Start of run_command function
2023-02-16 10:39:49,895:DEBUG:starting thread (client mode): 0x2923070
2023-02-16 10:39:49,895:DEBUG:Local version/idstring: SSH-2.0-paramiko_2.9.2
2023-02-16 10:39:49,902:DEBUG:Remote version/idstring: SSH-2.0-384dHKeD4
2023-02-16 10:39:49,902:INFO:Connected (version 2.0, client 384dHKeD4)
2023-02-16 10:39:49,905:DEBUG:=== Key exchange possibilities ===
2023-02-16 10:39:49,905:DEBUG:kex algos: diffie-hellman-group-exchange-sha256, curve25519-sha256@libssh.org, ecdh-sha2-nistp256, ecdh-sha2-nistp384, ecdh-sha2-nistp521
2023-02-16 10:39:49,905:DEBUG:server key: ssh-rsa, ssh-ed25519
2023-02-16 10:39:49,905:DEBUG:client encrypt: chacha20-poly1305@openssh.com, aes256-ctr, aes256-gcm@openssh.com
2023-02-16 10:39:49,905:DEBUG:server encrypt: chacha20-poly1305@openssh.com, aes256-ctr, aes256-gcm@openssh.com
2023-02-16 10:39:49,905:DEBUG:client mac: hmac-sha2-256, hmac-sha2-256-etm@openssh.com, hmac-sha2-512, hmac-sha2-512-etm@openssh.com
2023-02-16 10:39:49,905:DEBUG:server mac: hmac-sha2-256, hmac-sha2-256-etm@openssh.com, hmac-sha2-512, hmac-sha2-512-etm@openssh.com
2023-02-16 10:39:49,905:DEBUG:client compress: none, zlib@openssh.com
2023-02-16 10:39:49,905:DEBUG:server compress: none, zlib@openssh.com
2023-02-16 10:39:49,905:DEBUG:client lang: <none>
2023-02-16 10:39:49,905:DEBUG:server lang: <none>
2023-02-16 10:39:49,905:DEBUG:kex follows: False
2023-02-16 10:39:49,905:DEBUG:=== Key exchange agreements ===
2023-02-16 10:39:49,905:DEBUG:Kex: curve25519-sha256@libssh.org
2023-02-16 10:39:49,905:DEBUG:HostKey: ssh-ed25519
2023-02-16 10:39:49,905:DEBUG:Cipher: aes256-ctr
2023-02-16 10:39:49,906:DEBUG:MAC: hmac-sha2-256
2023-02-16 10:39:49,906:DEBUG:Compression: none
2023-02-16 10:39:49,906:DEBUG:=== End of kex handshake ===
2023-02-16 10:39:49,979:DEBUG:kex engine KexCurve25519 specified hash_algo <built-in function openssl_sha256>
2023-02-16 10:39:49,979:DEBUG:Switch to new keys ...
2023-02-16 10:39:49,979:DEBUG:Adding ssh-ed25519 host key for [10.10.90.1]:22: b'4ba54e608759733fc05d293b7350018d'
2023-02-16 10:39:49,993:DEBUG:EOF in transport thread
2023-02-16 10:39:50,014:DEBUG:userauth is OK
2023-02-16 10:39:50,023:INFO:Authentication (password) successful!
2023-02-16 10:39:50,024:DEBUG:[chan 0] Max packet in: 32768 bytes
2023-02-16 10:39:50,025:DEBUG:Received global request "hostkeys-00@openssh.com"
2023-02-16 10:39:50,025:DEBUG:Rejecting "hostkeys-00@openssh.com" global request from server.
2023-02-16 10:39:50,028:DEBUG:[chan 0] Max packet out: 32768 bytes
2023-02-16 10:39:50,028:DEBUG:Secsh channel 0 opened.
2023-02-16 10:39:50,033:DEBUG:[chan 0] Sesch channel 0 request ok
2023-02-16 10:39:50,126:DEBUG:[chan 0] EOF received (0)
2023-02-16 10:39:50,133:DEBUG:[chan 0] EOF sent (0)
2023-02-16 10:39:51,135:DEBUG:[chan 1] Max packet in: 32768 bytes
2023-02-16 10:39:51,141:DEBUG:[chan 1] Max packet out: 32768 bytes
2023-02-16 10:39:51,141:DEBUG:Secsh channel 1 opened.
2023-02-16 10:39:51,145:DEBUG:[chan 1] Sesch channel 1 request ok
2023-02-16 10:39:51,337:DEBUG:[chan 1] EOF received (1)
2023-02-16 10:39:51,343:DEBUG:[chan 1] EOF sent (1)
2023-02-16 10:39:52,345:DEBUG:[chan 2] Max packet in: 32768 bytes
2023-02-16 10:39:52,350:DEBUG:[chan 2] Max packet out: 32768 bytes
2023-02-16 10:39:52,350:DEBUG:Secsh channel 2 opened.
2023-02-16 10:39:52,355:DEBUG:[chan 2] Sesch channel 2 request ok
2023-02-16 10:39:52,452:DEBUG:[chan 2] EOF received (2)
2023-02-16 10:39:52,458:DEBUG:[chan 2] EOF sent (2)
2023-02-16 10:39:53,456:DEBUG:[chan 3] Max packet in: 32768 bytes
2023-02-16 10:39:53,467:DEBUG:[chan 3] Max packet out: 32768 bytes
2023-02-16 10:39:53,468:DEBUG:Secsh channel 3 opened.
2023-02-16 10:39:53,472:DEBUG:[chan 3] Sesch channel 3 request ok
2023-02-16 10:39:53,580:DEBUG:[chan 3] EOF received (3)
2023-02-16 10:39:53,583:DEBUG:[chan 3] EOF sent (3)
2023-02-16 10:39:54,587:DEBUG:[chan 4] Max packet in: 32768 bytes
2023-02-16 10:39:54,599:DEBUG:[chan 4] Max packet out: 32768 bytes
2023-02-16 10:39:54,599:DEBUG:Secsh channel 4 opened.
2023-02-16 10:39:54,605:DEBUG:[chan 4] Sesch channel 4 request ok
2023-02-16 10:39:54,706:DEBUG:[chan 4] EOF received (4)
2023-02-16 10:39:54,712:DEBUG:[chan 4] EOF sent (4)
2023-02-16 10:39:55,716:DEBUG:[chan 5] Max packet in: 32768 bytes
2023-02-16 10:39:55,729:DEBUG:[chan 5] Max packet out: 32768 bytes
2023-02-16 10:39:55,729:DEBUG:Secsh channel 5 opened.
2023-02-16 10:39:55,733:DEBUG:[chan 5] Sesch channel 5 request ok
2023-02-16 10:39:55,833:DEBUG:[chan 5] EOF received (5)
2023-02-16 10:39:55,837:DEBUG:[chan 5] EOF sent (5)
2023-02-16 10:39:56,840:DEBUG:[chan 6] Max packet in: 32768 bytes
2023-02-16 10:39:56,843:DEBUG:[chan 6] Max packet out: 32768 bytes
2023-02-16 10:39:56,843:DEBUG:Secsh channel 6 opened.
2023-02-16 10:39:56,848:DEBUG:[chan 6] Sesch channel 6 request ok
2023-02-16 10:39:56,949:DEBUG:[chan 6] EOF received (6)
2023-02-16 10:39:56,958:DEBUG:[chan 6] EOF sent (6)
2023-02-16 10:39:57,957:DEBUG:[chan 7] Max packet in: 32768 bytes
2023-02-16 10:39:57,959:DEBUG:[chan 7] Max packet out: 32768 bytes
2023-02-16 10:39:57,959:DEBUG:Secsh channel 7 opened.
2023-02-16 10:39:57,963:DEBUG:[chan 7] Sesch channel 7 request ok
2023-02-16 10:39:58,060:DEBUG:[chan 7] EOF received (7)
2023-02-16 10:39:58,066:DEBUG:[chan 7] EOF sent (7)
2023-02-16 10:39:59,064:DEBUG:[chan 8] Max packet in: 32768 bytes
2023-02-16 10:39:59,069:DEBUG:[chan 8] Max packet out: 32768 bytes
2023-02-16 10:39:59,069:DEBUG:Secsh channel 8 opened.
2023-02-16 10:39:59,072:DEBUG:[chan 8] Sesch channel 8 request ok
2023-02-16 10:39:59,168:DEBUG:[chan 8] EOF received (8)
2023-02-16 10:39:59,175:DEBUG:[chan 8] EOF sent (8)
2023-02-16 10:40:00,175:DEBUG:[chan 9] Max packet in: 32768 bytes
2023-02-16 10:40:00,178:DEBUG:[chan 9] Max packet out: 32768 bytes
2023-02-16 10:40:00,178:DEBUG:Secsh channel 9 opened.
2023-02-16 10:40:00,187:DEBUG:[chan 9] Sesch channel 9 request ok
2023-02-16 10:40:00,282:DEBUG:[chan 9] EOF received (9)
2023-02-16 10:40:00,290:DEBUG:[chan 9] EOF sent (9)
2023-02-16 10:40:01,292:DEBUG:[chan 10] Max packet in: 32768 bytes
2023-02-16 10:40:01,303:DEBUG:[chan 10] Max packet out: 32768 bytes
2023-02-16 10:40:01,303:DEBUG:Secsh channel 10 opened.
2023-02-16 10:40:01,307:DEBUG:[chan 10] Sesch channel 10 request ok
2023-02-16 10:40:01,399:DEBUG:[chan 10] EOF received (10)
2023-02-16 10:40:01,408:DEBUG:[chan 10] EOF sent (10)
2023-02-16 10:40:02,403:DEBUG:[chan 11] Max packet in: 32768 bytes
2023-02-16 10:40:02,406:DEBUG:[chan 11] Max packet out: 32768 bytes
2023-02-16 10:40:02,406:DEBUG:Secsh channel 11 opened.
2023-02-16 10:40:02,410:DEBUG:[chan 11] Sesch channel 11 request ok
2023-02-16 10:40:02,515:DEBUG:[chan 11] EOF received (11)
2023-02-16 10:40:02,524:DEBUG:[chan 11] EOF sent (11)
2023-02-16 10:40:03,520:DEBUG:[chan 12] Max packet in: 32768 bytes
2023-02-16 10:40:03,533:DEBUG:[chan 12] Max packet out: 32768 bytes
2023-02-16 10:40:03,533:DEBUG:Secsh channel 12 opened.
2023-02-16 10:40:03,537:DEBUG:[chan 12] Sesch channel 12 request ok
2023-02-16 10:40:03,628:DEBUG:[chan 12] EOF received (12)
2023-02-16 10:40:03,636:DEBUG:[chan 12] EOF sent (12)
2023-02-16 10:40:04,636:DEBUG:[chan 13] Max packet in: 32768 bytes
2023-02-16 10:40:04,642:DEBUG:[chan 13] Max packet out: 32768 bytes
2023-02-16 10:40:04,643:DEBUG:Secsh channel 13 opened.
2023-02-16 10:40:04,648:DEBUG:[chan 13] Sesch channel 13 request ok
2023-02-16 10:40:04,749:DEBUG:[chan 13] EOF received (13)
2023-02-16 10:40:04,755:DEBUG:[chan 13] EOF sent (13)
2023-02-16 10:40:05,754:DEBUG:[chan 14] Max packet in: 32768 bytes
2023-02-16 10:40:05,758:DEBUG:[chan 14] Max packet out: 32768 bytes
2023-02-16 10:40:05,758:DEBUG:Secsh channel 14 opened.
2023-02-16 10:40:05,764:DEBUG:[chan 14] Sesch channel 14 request ok
2023-02-16 10:40:05,861:DEBUG:[chan 14] EOF received (14)
2023-02-16 10:40:05,869:DEBUG:[chan 14] EOF sent (14)
2023-02-16 10:40:06,871:DEBUG:[chan 15] Max packet in: 32768 bytes
2023-02-16 10:40:06,883:DEBUG:[chan 15] Max packet out: 32768 bytes
2023-02-16 10:40:06,883:DEBUG:Secsh channel 15 opened.
2023-02-16 10:40:06,893:DEBUG:[chan 15] Sesch channel 15 request ok
2023-02-16 10:40:06,994:DEBUG:[chan 15] EOF received (15)
2023-02-16 10:40:07,000:DEBUG:[chan 15] EOF sent (15)
2023-02-16 10:40:08,003:DEBUG:[chan 16] Max packet in: 32768 bytes
2023-02-16 10:40:08,012:DEBUG:[chan 16] Max packet out: 32768 bytes
2023-02-16 10:40:08,013:DEBUG:Secsh channel 16 opened.
2023-02-16 10:40:08,021:DEBUG:[chan 16] Sesch channel 16 request ok
2023-02-16 10:40:08,121:DEBUG:[chan 16] EOF received (16)
2023-02-16 10:40:08,128:DEBUG:[chan 16] EOF sent (16)
2023-02-16 10:40:09,128:DEBUG:[chan 17] Max packet in: 32768 bytes
2023-02-16 10:40:09,138:DEBUG:[chan 17] Max packet out: 32768 bytes
2023-02-16 10:40:09,138:DEBUG:Secsh channel 17 opened.
2023-02-16 10:40:09,145:DEBUG:[chan 17] Sesch channel 17 request ok
2023-02-16 10:40:09,246:DEBUG:[chan 17] EOF received (17)
2023-02-16 10:40:09,248:DEBUG:[chan 17] EOF sent (17)
2023-02-16 10:40:10,254:DEBUG:[chan 18] Max packet in: 32768 bytes
2023-02-16 10:40:10,256:DEBUG:[chan 18] Max packet out: 32768 bytes
2023-02-16 10:40:10,257:DEBUG:Secsh channel 18 opened.
2023-02-16 10:40:10,260:DEBUG:[chan 18] Sesch channel 18 request ok
2023-02-16 10:40:10,365:DEBUG:[chan 18] EOF received (18)
2023-02-16 10:40:10,378:DEBUG:[chan 18] EOF sent (18)
2023-02-16 10:40:11,372:DEBUG:[chan 19] Max packet in: 32768 bytes
2023-02-16 10:40:11,375:DEBUG:[chan 19] Max packet out: 32768 bytes
2023-02-16 10:40:11,375:DEBUG:Secsh channel 19 opened.
2023-02-16 10:40:11,379:DEBUG:[chan 19] Sesch channel 19 request ok
2023-02-16 10:40:11,480:DEBUG:[chan 19] EOF received (19)
2023-02-16 10:40:11,487:DEBUG:[chan 19] EOF sent (19)
2023-02-16 10:40:12,486:DEBUG:[chan 20] Max packet in: 32768 bytes
2023-02-16 10:40:12,496:DEBUG:[chan 20] Max packet out: 32768 bytes
2023-02-16 10:40:12,496:DEBUG:Secsh channel 20 opened.
2023-02-16 10:40:12,500:DEBUG:[chan 20] Sesch channel 20 request ok
2023-02-16 10:40:12,599:DEBUG:[chan 20] EOF received (20)
2023-02-16 10:40:12,606:DEBUG:[chan 20] EOF sent (20)
2023-02-16 10:40:13,607:DEBUG:[chan 21] Max packet in: 32768 bytes
2023-02-16 10:40:13,627:DEBUG:[chan 21] Max packet out: 32768 bytes
2023-02-16 10:40:13,628:DEBUG:Secsh channel 21 opened.
2023-02-16 10:40:13,634:DEBUG:[chan 21] Sesch channel 21 request ok
2023-02-16 10:40:13,733:DEBUG:[chan 21] EOF received (21)
2023-02-16 10:40:13,740:DEBUG:[chan 21] EOF sent (21)
2023-02-16 10:40:14,741:DEBUG:[chan 22] Max packet in: 32768 bytes
2023-02-16 10:40:14,759:DEBUG:[chan 22] Max packet out: 32768 bytes
2023-02-16 10:40:14,760:DEBUG:Secsh channel 22 opened.
2023-02-16 10:40:14,795:DEBUG:[chan 22] Sesch channel 22 request ok
2023-02-16 10:40:14,889:DEBUG:[chan 22] EOF received (22)
2023-02-16 10:40:14,897:DEBUG:[chan 22] EOF sent (22)
2023-02-16 10:40:15,896:DEBUG:[chan 23] Max packet in: 32768 bytes
2023-02-16 10:40:15,904:DEBUG:[chan 23] Max packet out: 32768 bytes
2023-02-16 10:40:15,904:DEBUG:Secsh channel 23 opened.
2023-02-16 10:40:15,908:DEBUG:[chan 23] Sesch channel 23 request ok
2023-02-16 10:40:16,009:DEBUG:[chan 23] EOF received (23)
2023-02-16 10:40:16,016:DEBUG:[chan 23] EOF sent (23)
2023-02-16 10:40:17,019:DEBUG:[chan 24] Max packet in: 32768 bytes
2023-02-16 10:40:17,030:DEBUG:[chan 24] Max packet out: 32768 bytes
2023-02-16 10:40:17,030:DEBUG:Secsh channel 24 opened.
2023-02-16 10:40:17,035:DEBUG:[chan 24] Sesch channel 24 request ok
2023-02-16 10:40:17,131:DEBUG:[chan 24] EOF received (24)
2023-02-16 10:40:17,137:DEBUG:[chan 24] EOF sent (24)
2023-02-16 10:40:18,137:DEBUG:[chan 25] Max packet in: 32768 bytes
2023-02-16 10:40:18,141:DEBUG:[chan 25] Max packet out: 32768 bytes
2023-02-16 10:40:18,141:DEBUG:Secsh channel 25 opened.
2023-02-16 10:40:18,146:DEBUG:[chan 25] Sesch channel 25 request ok
2023-02-16 10:40:20,285:DEBUG:[chan 25] EOF received (25)
2023-02-16 10:40:20,291:DEBUG:[chan 25] EOF sent (25)
2023-02-16 10:40:21,295:DEBUG:***** END of FGTDC Script. *****
